生成启动时间为 2021/6/5 18:05:30。
     1>项目“C:\Users\dsx\Documents\Visual Studio 2010\Projects\STL容器\STL容器\STL容器.vcxproj”在节点 2 上(build 个目标)。
     1>InitializeBuildStatus:
         正在创建“Debug\STL容器.unsuccessfulbuild”，因为已指定“AlwaysCreate”。
       GenerateTargetFrameworkMonikerAttribute:
       正在跳过目标“GenerateTargetFrameworkMonikerAttribute”，因为所有输出文件相对于输入文件而言都是最新的。
       ClCompile:
         d:\visual studio\VC\bin\CL.exe /c /AI"C:\Program Files (x86)\Reference Assemblies\Microsoft\Framework\.NETFramework\v4.0" /Zi /clr /nologo /W3 /WX- /Od /Oy- /D WIN32 /D _DEBUG /D _UNICODE /D UNICODE /EHa /MDd /GS /fp:precise /Zc:wchar_t /Zc:forScope /Fo"Debug\\" /Fd"Debug\vc100.pdb" /TP /FU"C:\Program Files (x86)\Reference Assemblies\Microsoft\Framework\.NETFramework\v4.0\System.Core.dll" /analyze- /errorReport:prompt "改变排序规则.cpp" /clr:nostdlib 
         改变排序规则.cpp
         所有输出均为最新。
       Link:
         d:\visual studio\VC\bin\link.exe /ERRORREPORT:PROMPT /OUT:"C:\Users\dsx\Documents\Visual Studio 2010\Projects\STL容器\Debug\STL容器.exe" /INCREMENTAL /NOLOGO /MANIFEST /ManifestFile:"Debug\STL容器.exe.intermediate.manifest" /MANIFESTUAC:"level='asInvoker' uiAccess='false'" /DEBUG /PDB:"C:\Users\dsx\Documents\Visual Studio 2010\Projects\STL容器\Debug\STL容器.pdb" /ASSEMBLYDEBUG /TLBID:1 /DYNAMICBASE /FIXED:NO /NXCOMPAT /MACHINE:X86 Debug\deque.obj
         Debug\list.obj
         Debug\map.obj
         Debug\queue.obj
         Debug\set.obj
         Debug\stack.obj
         Debug\string.obj
         Debug\vector.obj
         "Debug\容器嵌套容器.obj"
         "Debug\改变排序规则.obj"
         "Debug\.NETFramework,Version=v4.0.AssemblyAttributes.obj"
         STL容器.vcxproj -> C:\Users\dsx\Documents\Visual Studio 2010\Projects\STL容器\Debug\STL容器.exe
       Manifest:
         C:\Program Files (x86)\Microsoft SDKs\Windows\v7.0A\bin\mt.exe /nologo /verbose /outputresource:"C:\Users\dsx\Documents\Visual Studio 2010\Projects\STL容器\Debug\STL容器.exe;#1" /manifest "Debug\STL容器.exe.intermediate.manifest"
       FinalizeBuildStatus:
         正在删除文件“Debug\STL容器.unsuccessfulbuild”。
         正在对“Debug\STL容器.lastbuildstate”执行 Touch 任务。
     1>已完成生成项目“C:\Users\dsx\Documents\Visual Studio 2010\Projects\STL容器\STL容器\STL容器.vcxproj”(build 个目标)的操作。

生成成功。

已用时间 00:00:02.74
