生成启动时间为 2021/5/26 13:48:08。
     1>项目“c:\Users\dsx\documents\visual studio 2010\Projects\文件操作\文件操作\文件操作.vcxproj”在节点 2 上(build 个目标)。
     1>InitializeBuildStatus:
         正在创建“Debug\文件操作.unsuccessfulbuild”，因为已指定“AlwaysCreate”。
       ClCompile:
         d:\visual studio\VC\bin\CL.exe /c /ZI /nologo /W3 /WX- /Od /Oy- /D _UNICODE /D UNICODE /Gm /EHsc /RTC1 /MDd /GS /fp:precise /Zc:wchar_t /Zc:forScope /Fo"Debug\\" /Fd"Debug\vc100.pdb" /Gd /TP /analyze- /errorReport:prompt "二进制方式.cpp"
         二进制方式.cpp
       Link:
         d:\visual studio\VC\bin\link.exe /ERRORREPORT:PROMPT /OUT:"c:\users\dsx\documents\visual studio 2010\Projects\文件操作\Debug\文件操作.exe" /NOLOGO kernel32.lib user32.lib gdi32.lib winspool.lib comdlg32.lib advapi32.lib shell32.lib ole32.lib oleaut32.lib uuid.lib odbc32.lib odbccp32.lib /MANIFEST /ManifestFile:"Debug\文件操作.exe.intermediate.manifest" /MANIFESTUAC:"level='asInvoker' uiAccess='false'" /DEBUG /PDB:"c:\users\dsx\documents\visual studio 2010\Projects\文件操作\Debug\文件操作.pdb" /TLBID:1 /DYNAMICBASE /NXCOMPAT /IMPLIB:"c:\users\dsx\documents\visual studio 2010\Projects\文件操作\Debug\文件操作.lib" /MACHINE:X86 "Debug\二进制方式.obj"
         "Debug\文本方式.obj"
         LINK : 没有找到 c:\users\dsx\documents\visual studio 2010\Projects\文件操作\Debug\文件操作.exe 或上一个增量链接没有生成它；正在执行完全链接
         文件操作.vcxproj -> c:\users\dsx\documents\visual studio 2010\Projects\文件操作\Debug\文件操作.exe
       Manifest:
         C:\Program Files (x86)\Microsoft SDKs\Windows\v7.0A\bin\mt.exe /nologo /verbose /outputresource:"c:\users\dsx\documents\visual studio 2010\Projects\文件操作\Debug\文件操作.exe;#1" /manifest "Debug\文件操作.exe.intermediate.manifest"
       FinalizeBuildStatus:
         正在删除文件“Debug\文件操作.unsuccessfulbuild”。
         正在对“Debug\文件操作.lastbuildstate”执行 Touch 任务。
     1>已完成生成项目“c:\Users\dsx\documents\visual studio 2010\Projects\文件操作\文件操作\文件操作.vcxproj”(build 个目标)的操作。

生成成功。

已用时间 00:00:01.22
