生成启动时间为 2021/5/28 20:28:59。
     1>项目“C:\Users\dsx\Documents\Visual Studio 2010\Projects\多态\多态\多态.vcxproj”在节点 2 上(build 个目标)。
     1>InitializeBuildStatus:
         正在创建“Debug\多态.unsuccessfulbuild”，因为已指定“AlwaysCreate”。
       ClCompile:
         d:\visual studio\VC\bin\CL.exe /c /ZI /nologo /W3 /WX- /Od /Oy- /D _UNICODE /D UNICODE /Gm /EHsc /RTC1 /MDd /GS /fp:precise /Zc:wchar_t /Zc:forScope /Fo"Debug\\" /Fd"Debug\vc100.pdb" /Gd /TP /analyze- /errorReport:prompt "虚拟计算器.cpp"
         虚拟计算器.cpp
       Link:
         d:\visual studio\VC\bin\link.exe /ERRORREPORT:PROMPT /OUT:"C:\Users\dsx\Documents\Visual Studio 2010\Projects\多态\Debug\多态.exe" /NOLOGO kernel32.lib user32.lib gdi32.lib winspool.lib comdlg32.lib advapi32.lib shell32.lib ole32.lib oleaut32.lib uuid.lib odbc32.lib odbccp32.lib /MANIFEST /ManifestFile:"Debug\多态.exe.intermediate.manifest" /MANIFESTUAC:"level='asInvoker' uiAccess='false'" /DEBUG /PDB:"C:\Users\dsx\Documents\Visual Studio 2010\Projects\多态\Debug\多态.pdb" /TLBID:1 /DYNAMICBASE /NXCOMPAT /IMPLIB:"C:\Users\dsx\Documents\Visual Studio 2010\Projects\多态\Debug\多态.lib" /MACHINE:X86 "Debug\new语法.obj"
         "Debug\制作饮品.obj"
         "Debug\多态基本语法.obj"
         "Debug\电脑组装.obj"
         "Debug\虚拟计算器.obj"
         "Debug\虚析构与纯虚析构.obj"
         LINK : 没有找到 C:\Users\dsx\Documents\Visual Studio 2010\Projects\多态\Debug\多态.exe 或上一个增量链接没有生成它；正在执行完全链接
         多态.vcxproj -> C:\Users\dsx\Documents\Visual Studio 2010\Projects\多态\Debug\多态.exe
       Manifest:
         C:\Program Files (x86)\Microsoft SDKs\Windows\v7.0A\bin\mt.exe /nologo /verbose /outputresource:"C:\Users\dsx\Documents\Visual Studio 2010\Projects\多态\Debug\多态.exe;#1" /manifest "Debug\多态.exe.intermediate.manifest"
       FinalizeBuildStatus:
         正在删除文件“Debug\多态.unsuccessfulbuild”。
         正在对“Debug\多态.lastbuildstate”执行 Touch 任务。
     1>已完成生成项目“C:\Users\dsx\Documents\Visual Studio 2010\Projects\多态\多态\多态.vcxproj”(build 个目标)的操作。

生成成功。

已用时间 00:00:01.47
