生成启动时间为 2021/6/5 17:45:13。
     1>项目“C:\Users\dsx\Documents\Visual Studio 2010\Projects\STL案例\STL案例\STL案例.vcxproj”在节点 2 上(build 个目标)。
     1>InitializeBuildStatus:
         正在创建“Debug\STL案例.unsuccessfulbuild”，因为已指定“AlwaysCreate”。
       ClCompile:
         d:\visual studio\VC\bin\CL.exe /c /Zi /nologo /W3 /WX- /Od /Oy- /D _UNICODE /D UNICODE /Gm /EHsc /RTC1 /MDd /GS /fp:precise /Zc:wchar_t /Zc:forScope /Fo"Debug\\" /Fd"Debug\vc100.pdb" /Gd /TP /analyze- /errorReport:prompt "评委打分.cpp"
         评委打分.cpp
       Link:
         d:\visual studio\VC\bin\link.exe /ERRORREPORT:PROMPT /OUT:"C:\Users\dsx\Documents\Visual Studio 2010\Projects\STL案例\Debug\STL案例.exe" /NOLOGO kernel32.lib user32.lib gdi32.lib winspool.lib comdlg32.lib advapi32.lib shell32.lib ole32.lib oleaut32.lib uuid.lib odbc32.lib odbccp32.lib /MANIFEST /ManifestFile:"Debug\STL案例.exe.intermediate.manifest" /MANIFESTUAC:"level='asInvoker' uiAccess='false'" /DEBUG /PDB:"C:\Users\dsx\Documents\Visual Studio 2010\Projects\STL案例\Debug\STL案例.pdb" /TLBID:1 /DYNAMICBASE /NXCOMPAT /IMPLIB:"C:\Users\dsx\Documents\Visual Studio 2010\Projects\STL案例\Debug\STL案例.lib" /MACHINE:X86 "Debug\员工分组.obj"
         "Debug\评委打分.obj"
         LINK : 没有找到 C:\Users\dsx\Documents\Visual Studio 2010\Projects\STL案例\Debug\STL案例.exe 或上一个增量链接没有生成它；正在执行完全链接
         STL案例.vcxproj -> C:\Users\dsx\Documents\Visual Studio 2010\Projects\STL案例\Debug\STL案例.exe
       Manifest:
         C:\Program Files (x86)\Microsoft SDKs\Windows\v7.0A\bin\mt.exe /nologo /verbose /outputresource:"C:\Users\dsx\Documents\Visual Studio 2010\Projects\STL案例\Debug\STL案例.exe;#1" /manifest "Debug\STL案例.exe.intermediate.manifest"
       FinalizeBuildStatus:
         正在删除文件“Debug\STL案例.unsuccessfulbuild”。
         正在对“Debug\STL案例.lastbuildstate”执行 Touch 任务。
     1>已完成生成项目“C:\Users\dsx\Documents\Visual Studio 2010\Projects\STL案例\STL案例\STL案例.vcxproj”(build 个目标)的操作。

生成成功。

已用时间 00:00:01.45
