生成启动时间为 2021/5/17 12:54:23。
     1>项目“D:\visual studio\vs project\first\first\first.vcxproj”在节点 2 上(build 个目标)。
     1>InitializeBuildStatus:
         正在创建“Debug\first.unsuccessfulbuild”，因为已指定“AlwaysCreate”。
       ClCompile:
         所有输出均为最新。
       Link:
         d:\visual studio\VC\bin\link.exe /ERRORREPORT:PROMPT /OUT:"D:\visual studio\vs project\first\Debug\first.exe" /NOLOGO kernel32.lib user32.lib gdi32.lib winspool.lib comdlg32.lib advapi32.lib shell32.lib ole32.lib oleaut32.lib uuid.lib odbc32.lib odbccp32.lib /MANIFEST /ManifestFile:"Debug\first.exe.intermediate.manifest" /MANIFESTUAC:"level='asInvoker' uiAccess='false'" /DEBUG /PDB:"D:\visual studio\vs project\first\Debug\first.pdb" /TLBID:1 /DYNAMICBASE /NXCOMPAT /IMPLIB:"D:\visual studio\vs project\first\Debug\first.lib" /MACHINE:X86 Debug\practice.obj
         "Debug\结构体案例.obj"
         "Debug\通讯录练习.obj"
         LINK : 没有找到 D:\visual studio\vs project\first\Debug\first.exe 或上一个增量链接没有生成它；正在执行完全链接
         first.vcxproj -> D:\visual studio\vs project\first\Debug\first.exe
       Manifest:
         C:\Program Files (x86)\Microsoft SDKs\Windows\v7.0A\bin\mt.exe /nologo /verbose /outputresource:"D:\visual studio\vs project\first\Debug\first.exe;#1" /manifest Debug\first.exe.intermediate.manifest
       FinalizeBuildStatus:
         正在删除文件“Debug\first.unsuccessfulbuild”。
         正在对“Debug\first.lastbuildstate”执行 Touch 任务。
     1>已完成生成项目“D:\visual studio\vs project\first\first\first.vcxproj”(build 个目标)的操作。

生成成功。

已用时间 00:00:00.94
